Flow report for ImageRecog
Mon Dec 16 14:17:48 2024
Quartus Prime Version 23.1std.1 Build 993 05/14/2024 SC Lite Edition


---------------------
; Table of Contents ;
---------------------
  1. Legal Notice
  2. Flow Summary
  3. Flow Settings
  4. Flow Non-Default Global Settings
  5. Flow Elapsed Time
  6. Flow OS Summary
  7. Flow Log
  8. Flow Messages
  9. Flow Suppressed Messages



----------------
; Legal Notice ;
----------------
Copyright (C) 2024  Intel Corporation. All rights reserved.
Your use of Intel Corporation's design tools, logic functions 
and other software and tools, and any partner logic 
functions, and any output files from any of the foregoing 
(including device programming or simulation files), and any 
associated documentation or information are expressly subject 
to the terms and conditions of the Intel Program License 
Subscription Agreement, the Intel Quartus Prime License Agreement,
the Intel FPGA IP License Agreement, or other applicable license
agreement, including, without limitation, that your use is for
the sole purpose of programming logic devices manufactured by
Intel and sold by Intel or its authorized distributors.  Please
refer to the applicable agreement for further details, at
https://fpgasoftware.intel.com/eula.



+-------------------------------------------------------------------------------------+
; Flow Summary                                                                        ;
+------------------------------------+------------------------------------------------+
; Flow Status                        ; Successful - Mon Dec 16 14:17:37 2024          ;
; Quartus Prime Version              ; 23.1std.1 Build 993 05/14/2024 SC Lite Edition ;
; Revision Name                      ; ImageRecog                                     ;
; Top-level Entity Name              ; ImageRecog                                     ;
; Family                             ; Cyclone IV E                                   ;
; Device                             ; EP4CE115F29C7                                  ;
; Timing Models                      ; Final                                          ;
; Total logic elements               ; 6,069 / 114,480 ( 5 % )                        ;
;     Total combinational functions  ; 5,468 / 114,480 ( 5 % )                        ;
;     Dedicated logic registers      ; 2,060 / 114,480 ( 2 % )                        ;
; Total registers                    ; 2060                                           ;
; Total pins                         ; 110 / 529 ( 21 % )                             ;
; Total virtual pins                 ; 0                                              ;
; Total memory bits                  ; 2,232,320 / 3,981,312 ( 56 % )                 ;
; Embedded Multiplier 9-bit elements ; 9 / 532 ( 2 % )                                ;
; Total PLLs                         ; 1 / 4 ( 25 % )                                 ;
+------------------------------------+------------------------------------------------+


+-----------------------------------------+
; Flow Settings                           ;
+-------------------+---------------------+
; Option            ; Setting             ;
+-------------------+---------------------+
; Start date & time ; 12/16/2024 14:16:05 ;
; Main task         ; Compilation         ;
; Revision Name     ; ImageRecog          ;
+-------------------+---------------------+


+-------------------------------------------------------------------------------------------------------------------------+
; Flow Non-Default Global Settings                                                                                        ;
+-------------------------------------+----------------------------------------+---------------+-------------+------------+
; Assignment Name                     ; Value                                  ; Default Value ; Entity Name ; Section Id ;
+-------------------------------------+----------------------------------------+---------------+-------------+------------+
; COMPILER_SIGNATURE_ID               ; 86678740975891.173433336511224         ; --            ; --          ; --         ;
; MAX_CORE_JUNCTION_TEMP              ; 85                                     ; --            ; --          ; --         ;
; MIN_CORE_JUNCTION_TEMP              ; 0                                      ; --            ; --          ; --         ;
; MISC_FILE                           ; ../Line_Buffer1.bsf                    ; --            ; --          ; --         ;
; MISC_FILE                           ; ../PLL.cmp                             ; --            ; --          ; --         ;
; MISC_FILE                           ; ../PLL_sim/PLL.vo                      ; --            ; --          ; --         ;
; PARTITION_COLOR                     ; -- (Not supported for targeted family) ; --            ; --          ; Top        ;
; PARTITION_FITTER_PRESERVATION_LEVEL ; -- (Not supported for targeted family) ; --            ; --          ; Top        ;
; PARTITION_NETLIST_TYPE              ; -- (Not supported for targeted family) ; --            ; --          ; Top        ;
; POWER_BOARD_THERMAL_MODEL           ; None (CONSERVATIVE)                    ; --            ; --          ; --         ;
; POWER_PRESET_COOLING_SOLUTION       ; 23 MM HEAT SINK WITH 200 LFPM AIRFLOW  ; --            ; --          ; --         ;
; SPD_FILE                            ; ../PLL.spd                             ; --            ; --          ; --         ;
; SYNTHESIS_ONLY_QIP                  ; On                                     ; --            ; --          ; --         ;
+-------------------------------------+----------------------------------------+---------------+-------------+------------+


+--------------------------------------------------------------------------------------------------------------------------+
; Flow Elapsed Time                                                                                                        ;
+----------------------+--------------+-------------------------+---------------------+------------------------------------+
; Module Name          ; Elapsed Time ; Average Processors Used ; Peak Virtual Memory ; Total CPU Time (on all processors) ;
+----------------------+--------------+-------------------------+---------------------+------------------------------------+
; Analysis & Synthesis ; 00:00:29     ; 1.0                     ; 4965 MB             ; 00:00:42                           ;
; Fitter               ; 00:00:52     ; 1.1                     ; 5950 MB             ; 00:01:36                           ;
; Assembler            ; 00:00:04     ; 1.0                     ; 5026 MB             ; 00:00:03                           ;
; Timing Analyzer      ; 00:00:09     ; 1.7                     ; 5168 MB             ; 00:00:10                           ;
; Total                ; 00:01:34     ; --                      ; --                  ; 00:02:31                           ;
+----------------------+--------------+-------------------------+---------------------+------------------------------------+


+------------------------------------------------------------------------------------+
; Flow OS Summary                                                                    ;
+----------------------+------------------+------------+------------+----------------+
; Module Name          ; Machine Hostname ; OS Name    ; OS Version ; Processor type ;
+----------------------+------------------+------------+------------+----------------+
; Analysis & Synthesis ; HaiCN            ; Windows 10 ; 10.0       ; x86_64         ;
; Fitter               ; HaiCN            ; Windows 10 ; 10.0       ; x86_64         ;
; Assembler            ; HaiCN            ; Windows 10 ; 10.0       ; x86_64         ;
; Timing Analyzer      ; HaiCN            ; Windows 10 ; 10.0       ; x86_64         ;
+----------------------+------------------+------------+------------+----------------+


------------
; Flow Log ;
------------
quartus_map --read_settings_files=on --write_settings_files=off ImageRecog -c ImageRecog
quartus_fit --read_settings_files=off --write_settings_files=off ImageRecog -c ImageRecog
quartus_asm --read_settings_files=off --write_settings_files=off ImageRecog -c ImageRecog
quartus_sta ImageRecog -c ImageRecog



