Flow report for cam_proj
Sat Dec 21 11:43:09 2024
Quartus Prime Version 23.1std.1 Build 993 05/14/2024 SC Lite Edition


---------------------
; Table of Contents ;
---------------------
  1. Legal Notice
  2. Flow Summary
  3. Flow Settings
  4. Flow Non-Default Global Settings
  5. Flow Elapsed Time
  6. Flow OS Summary
  7. Flow Log
  8. Flow Messages
  9. Flow Suppressed Messages



----------------
; Legal Notice ;
----------------
Copyright (C) 2024  Intel Corporation. All rights reserved.
Your use of Intel Corporation's design tools, logic functions 
and other software and tools, and any partner logic 
functions, and any output files from any of the foregoing 
(including device programming or simulation files), and any 
associated documentation or information are expressly subject 
to the terms and conditions of the Intel Program License 
Subscription Agreement, the Intel Quartus Prime License Agreement,
the Intel FPGA IP License Agreement, or other applicable license
agreement, including, without limitation, that your use is for
the sole purpose of programming logic devices manufactured by
Intel and sold by Intel or its authorized distributors.  Please
refer to the applicable agreement for further details, at
https://fpgasoftware.intel.com/eula.



+-------------------------------------------------------------------------------------+
; Flow Summary                                                                        ;
+------------------------------------+------------------------------------------------+
; Flow Status                        ; Successful - Sat Dec 21 11:43:09 2024          ;
; Quartus Prime Version              ; 23.1std.1 Build 993 05/14/2024 SC Lite Edition ;
; Revision Name                      ; cam_proj                                       ;
; Top-level Entity Name              ; cam_proj_top                                   ;
; Family                             ; Cyclone IV E                                   ;
; Device                             ; EP4CE115F29C7                                  ;
; Timing Models                      ; Final                                          ;
; Total logic elements               ; 6,052 / 114,480 ( 5 % )                        ;
;     Total combinational functions  ; 5,591 / 114,480 ( 5 % )                        ;
;     Dedicated logic registers      ; 2,427 / 114,480 ( 2 % )                        ;
; Total registers                    ; 2427                                           ;
; Total pins                         ; 87 / 529 ( 16 % )                              ;
; Total virtual pins                 ; 0                                              ;
; Total memory bits                  ; 367,279 / 3,981,312 ( 9 % )                    ;
; Embedded Multiplier 9-bit elements ; 25 / 532 ( 5 % )                               ;
; Total PLLs                         ; 2 / 4 ( 50 % )                                 ;
+------------------------------------+------------------------------------------------+


+-----------------------------------------+
; Flow Settings                           ;
+-------------------+---------------------+
; Option            ; Setting             ;
+-------------------+---------------------+
; Start date & time ; 12/21/2024 11:41:51 ;
; Main task         ; Compilation         ;
; Revision Name     ; cam_proj            ;
+-------------------+---------------------+


+------------------------------------------------------------------------------------------------------------------------------+
; Flow Non-Default Global Settings                                                                                             ;
+-------------------------------------+----------------------------------------+---------------+--------------+----------------+
; Assignment Name                     ; Value                                  ; Default Value ; Entity Name  ; Section Id     ;
+-------------------------------------+----------------------------------------+---------------+--------------+----------------+
; COMPILER_SIGNATURE_ID               ; 86678740975891.173475611103020         ; --            ; --           ; --             ;
; EDA_OUTPUT_DATA_FORMAT              ; Verilog Hdl                            ; --            ; --           ; eda_simulation ;
; EDA_SIMULATION_TOOL                 ; QuestaSim (Verilog)                    ; <None>        ; --           ; --             ;
; EDA_TIME_SCALE                      ; 1 ps                                   ; --            ; --           ; eda_simulation ;
; ENABLE_SIGNALTAP                    ; Off                                    ; --            ; --           ; --             ;
; MAX_CORE_JUNCTION_TEMP              ; 85                                     ; --            ; --           ; --             ;
; MIN_CORE_JUNCTION_TEMP              ; 0                                      ; --            ; --           ; --             ;
; MISC_FILE                           ; pll_bb.v                               ; --            ; --           ; --             ;
; MISC_FILE                           ; pll.ppf                                ; --            ; --           ; --             ;
; MISC_FILE                           ; pll_for_disp_bb.v                      ; --            ; --           ; --             ;
; MISC_FILE                           ; pll_for_disp.ppf                       ; --            ; --           ; --             ;
; MISC_FILE                           ; fifo_big_bb.v                          ; --            ; --           ; --             ;
; PARTITION_COLOR                     ; -- (Not supported for targeted family) ; --            ; cam_proj_top ; Top            ;
; PARTITION_FITTER_PRESERVATION_LEVEL ; -- (Not supported for targeted family) ; --            ; cam_proj_top ; Top            ;
; PARTITION_NETLIST_TYPE              ; -- (Not supported for targeted family) ; --            ; cam_proj_top ; Top            ;
; POWER_BOARD_THERMAL_MODEL           ; None (CONSERVATIVE)                    ; --            ; --           ; --             ;
; POWER_PRESET_COOLING_SOLUTION       ; 23 MM HEAT SINK WITH 200 LFPM AIRFLOW  ; --            ; --           ; --             ;
; PROJECT_OUTPUT_DIRECTORY            ; output_files                           ; --            ; --           ; --             ;
; TOP_LEVEL_ENTITY                    ; cam_proj_top                           ; cam_proj      ; --           ; --             ;
; USE_SIGNALTAP_FILE                  ; output_files/stp1.stp                  ; --            ; --           ; --             ;
; VERILOG_INPUT_VERSION               ; SystemVerilog_2005                     ; Verilog_2001  ; --           ; --             ;
; VERILOG_MACRO                       ; nornal=1                               ; --            ; --           ; --             ;
; VERILOG_SHOW_LMF_MAPPING_MESSAGES   ; Off                                    ; --            ; --           ; --             ;
+-------------------------------------+----------------------------------------+---------------+--------------+----------------+


+--------------------------------------------------------------------------------------------------------------------------+
; Flow Elapsed Time                                                                                                        ;
+----------------------+--------------+-------------------------+---------------------+------------------------------------+
; Module Name          ; Elapsed Time ; Average Processors Used ; Peak Virtual Memory ; Total CPU Time (on all processors) ;
+----------------------+--------------+-------------------------+---------------------+------------------------------------+
; Analysis & Synthesis ; 00:00:20     ; 1.0                     ; 4902 MB             ; 00:00:30                           ;
; Fitter               ; 00:00:38     ; 1.1                     ; 5948 MB             ; 00:01:06                           ;
; Assembler            ; 00:00:04     ; 1.0                     ; 5010 MB             ; 00:00:04                           ;
; Timing Analyzer      ; 00:00:06     ; 1.5                     ; 4971 MB             ; 00:00:06                           ;
; EDA Netlist Writer   ; 00:00:05     ; 1.0                     ; 4775 MB             ; 00:00:05                           ;
; Total                ; 00:01:13     ; --                      ; --                  ; 00:01:51                           ;
+----------------------+--------------+-------------------------+---------------------+------------------------------------+


+------------------------------------------------------------------------------------+
; Flow OS Summary                                                                    ;
+----------------------+------------------+------------+------------+----------------+
; Module Name          ; Machine Hostname ; OS Name    ; OS Version ; Processor type ;
+----------------------+------------------+------------+------------+----------------+
; Analysis & Synthesis ; HaiCN            ; Windows 10 ; 10.0       ; x86_64         ;
; Fitter               ; HaiCN            ; Windows 10 ; 10.0       ; x86_64         ;
; Assembler            ; HaiCN            ; Windows 10 ; 10.0       ; x86_64         ;
; Timing Analyzer      ; HaiCN            ; Windows 10 ; 10.0       ; x86_64         ;
; EDA Netlist Writer   ; HaiCN            ; Windows 10 ; 10.0       ; x86_64         ;
+----------------------+------------------+------------+------------+----------------+


------------
; Flow Log ;
------------
quartus_map --read_settings_files=on --write_settings_files=off cam_proj -c cam_proj
quartus_fit --read_settings_files=off --write_settings_files=off cam_proj -c cam_proj
quartus_asm --read_settings_files=off --write_settings_files=off cam_proj -c cam_proj
quartus_sta cam_proj -c cam_proj
quartus_eda --read_settings_files=off --write_settings_files=off cam_proj -c cam_proj



